2020-03-10 17:03:39,148 [MainThread:4264] [D:\jangovenv\venv\lib\site-packages\django\db\backends\utils.py:debug_sql:130] [DEBUG]- (0.000) SELECT @@SQL_AUTO_IS_NULL; args=None
2020-03-10 17:03:39,149 [MainThread:4264] [D:\jangovenv\venv\lib\site-packages\django\db\backends\utils.py:debug_sql:130] [DEBUG]- (0.000) SET SESSION TRANSACTION ISOLATION LEVEL READ COMMITTED; args=None
2020-03-10 17:03:39,149 [MainThread:4264] [D:\jangovenv\venv\lib\site-packages\django\db\backends\utils.py:debug_sql:130] [DEBUG]- (0.000) SELECT VERSION(); args=None
2020-03-10 17:03:39,333 [MainThread:4264] [D:\jangovenv\venv\lib\site-packages\django\db\backends\utils.py:debug_sql:130] [DEBUG]- (0.000) SET SESSION TRANSACTION ISOLATION LEVEL READ COMMITTED; args=None
2020-03-10 17:03:39,336 [MainThread:4264] [D:\jangovenv\venv\lib\site-packages\django\db\backends\utils.py:debug_sql:130] [DEBUG]- (0.000) SHOW FULL TABLES; args=None
2020-03-10 17:03:39,339 [MainThread:4264] [D:\jangovenv\venv\lib\site-packages\django\db\backends\utils.py:debug_sql:130] [DEBUG]- (0.000) SELECT `django_migrations`.`id`, `django_migrations`.`app`, `django_migrations`.`name`, `django_migrations`.`applied` FROM `django_migrations`; args=()
2020-03-10 17:03:45,990 [MainThread:10880] [D:\jangovenv\venv\lib\site-packages\django\db\backends\utils.py:debug_sql:130] [DEBUG]- (0.000) SELECT @@SQL_AUTO_IS_NULL; args=None
2020-03-10 17:03:45,991 [MainThread:10880] [D:\jangovenv\venv\lib\site-packages\django\db\backends\utils.py:debug_sql:130] [DEBUG]- (0.000) SET SESSION TRANSACTION ISOLATION LEVEL READ COMMITTED; args=None
2020-03-10 17:03:45,991 [MainThread:10880] [D:\jangovenv\venv\lib\site-packages\django\db\backends\utils.py:debug_sql:130] [DEBUG]- (0.000) SELECT @@sql_mode; args=None
2020-03-10 17:03:45,993 [MainThread:10880] [D:\jangovenv\venv\lib\site-packages\django\db\backends\utils.py:debug_sql:130] [DEBUG]- (0.000) SELECT VERSION(); args=None
2020-03-10 17:03:46,174 [MainThread:10880] [D:\jangovenv\venv\lib\site-packages\django\db\backends\utils.py:debug_sql:130] [DEBUG]- (0.000) SHOW FULL TABLES; args=None
2020-03-10 17:03:46,177 [MainThread:10880] [D:\jangovenv\venv\lib\site-packages\django\db\backends\utils.py:debug_sql:130] [DEBUG]- (0.000) SELECT `django_migrations`.`id`, `django_migrations`.`app`, `django_migrations`.`name`, `django_migrations`.`applied` FROM `django_migrations`; args=()
2020-03-10 17:03:46,179 [MainThread:10880] [D:\jangovenv\venv\lib\site-packages\django\db\backends\utils.py:debug_sql:130] [DEBUG]- (0.000) SHOW FULL TABLES; args=None
2020-03-10 17:03:46,180 [MainThread:10880] [D:\jangovenv\venv\lib\site-packages\django\db\backends\utils.py:debug_sql:130] [DEBUG]- (0.000) SELECT `django_migrations`.`id`, `django_migrations`.`app`, `django_migrations`.`name`, `django_migrations`.`applied` FROM `django_migrations`; args=()
2020-03-10 17:03:46,201 [MainThread:10880] [D:\jangovenv\venv\lib\site-packages\django\db\backends\utils.py:debug_sql:130] [DEBUG]- (0.000) SHOW FULL TABLES; args=None
2020-03-10 17:03:46,203 [MainThread:10880] [D:\jangovenv\venv\lib\site-packages\django\db\backends\base\schema.py:execute:133] [DEBUG]- DROP TABLE `juhe_user_menu` CASCADE; (params ())
2020-03-10 17:03:46,302 [MainThread:10880] [D:\jangovenv\venv\lib\site-packages\django\db\backends\utils.py:debug_sql:130] [DEBUG]- (0.094) DROP TABLE `juhe_user_menu` CASCADE; args=()
2020-03-10 17:03:46,304 [MainThread:10880] [D:\jangovenv\venv\lib\site-packages\django\db\backends\base\schema.py:execute:133] [DEBUG]- DROP TABLE `juhe_app` CASCADE; (params ())
2020-03-10 17:03:46,321 [MainThread:10880] [D:\jangovenv\venv\lib\site-packages\django\db\backends\utils.py:debug_sql:130] [DEBUG]- (0.016) DROP TABLE `juhe_app` CASCADE; args=()
2020-03-10 17:03:46,322 [MainThread:10880] [D:\jangovenv\venv\lib\site-packages\django\db\backends\utils.py:debug_sql:130] [DEBUG]- (0.000) SHOW FULL TABLES; args=None
2020-03-10 17:03:46,327 [MainThread:10880] [D:\jangovenv\venv\lib\site-packages\django\db\backends\utils.py:debug_sql:130] [DEBUG]- (0.000) INSERT INTO `django_migrations` (`app`, `name`, `applied`) VALUES ('juhe', '0008_auto_20200310_1703', '2020-03-10 17:03:46.323248'); args=['juhe', '0008_auto_20200310_1703', '2020-03-10 17:03:46.323248']
2020-03-10 17:03:46,328 [MainThread:10880] [D:\jangovenv\venv\lib\site-packages\django\db\backends\utils.py:debug_sql:130] [DEBUG]- (0.000) SHOW FULL TABLES; args=None
2020-03-10 17:03:46,329 [MainThread:10880] [D:\jangovenv\venv\lib\site-packages\django\db\backends\utils.py:debug_sql:130] [DEBUG]- (0.000) SELECT `django_migrations`.`id`, `django_migrations`.`app`, `django_migrations`.`name`, `django_migrations`.`applied` FROM `django_migrations`; args=()
2020-03-10 17:03:46,331 [MainThread:10880] [D:\jangovenv\venv\lib\site-packages\django\db\backends\utils.py:debug_sql:130] [DEBUG]- (0.000) SELECT `django_content_type`.`id`, `django_content_type`.`app_label`, `django_content_type`.`model` FROM `django_content_type` WHERE `django_content_type`.`app_label` = 'admin'; args=('admin',)
2020-03-10 17:03:46,331 [MainThread:10880] [D:\jangovenv\venv\lib\site-packages\django\db\backends\utils.py:debug_sql:130] [DEBUG]- (0.000) SELECT `django_content_type`.`id`, `django_content_type`.`app_label`, `django_content_type`.`model` FROM `django_content_type` WHERE (`django_content_type`.`app_label` = 'admin' AND `django_content_type`.`model` = 'logentry') LIMIT 21; args=('admin', 'logentry')
2020-03-10 17:03:46,333 [MainThread:10880] [D:\jangovenv\venv\lib\site-packages\django\db\backends\utils.py:debug_sql:130] [DEBUG]- (0.000) SELECT `auth_permission`.`content_type_id`, `auth_permission`.`codename` FROM `auth_permission` INNER JOIN `django_content_type` ON (`auth_permission`.`content_type_id` = `django_content_type`.`id`) WHERE `auth_permission`.`content_type_id` IN (1) ORDER BY `django_content_type`.`app_label` ASC, `django_content_type`.`model` ASC, `auth_permission`.`codename` ASC; args=(1,)
2020-03-10 17:03:46,334 [MainThread:10880] [D:\jangovenv\venv\lib\site-packages\django\db\backends\utils.py:debug_sql:130] [DEBUG]- (0.000) SELECT `django_content_type`.`id`, `django_content_type`.`app_label`, `django_content_type`.`model` FROM `django_content_type` WHERE `django_content_type`.`app_label` = 'admin'; args=('admin',)
2020-03-10 17:03:46,335 [MainThread:10880] [D:\jangovenv\venv\lib\site-packages\django\db\backends\utils.py:debug_sql:130] [DEBUG]- (0.000) SELECT `django_content_type`.`id`, `django_content_type`.`app_label`, `django_content_type`.`model` FROM `django_content_type` WHERE `django_content_type`.`app_label` = 'auth'; args=('auth',)
2020-03-10 17:03:46,336 [MainThread:10880] [D:\jangovenv\venv\lib\site-packages\django\db\backends\utils.py:debug_sql:130] [DEBUG]- (0.000) SELECT `django_content_type`.`id`, `django_content_type`.`app_label`, `django_content_type`.`model` FROM `django_content_type` WHERE (`django_content_type`.`app_label` = 'auth' AND `django_content_type`.`model` = 'permission') LIMIT 21; args=('auth', 'permission')
2020-03-10 17:03:46,337 [MainThread:10880] [D:\jangovenv\venv\lib\site-packages\django\db\backends\utils.py:debug_sql:130] [DEBUG]- (0.000) SELECT `django_content_type`.`id`, `django_content_type`.`app_label`, `django_content_type`.`model` FROM `django_content_type` WHERE (`django_content_type`.`app_label` = 'auth' AND `django_content_type`.`model` = 'group') LIMIT 21; args=('auth', 'group')
2020-03-10 17:03:46,338 [MainThread:10880] [D:\jangovenv\venv\lib\site-packages\django\db\backends\utils.py:debug_sql:130] [DEBUG]- (0.000) SELECT `django_content_type`.`id`, `django_content_type`.`app_label`, `django_content_type`.`model` FROM `django_content_type` WHERE (`django_content_type`.`app_label` = 'auth' AND `django_content_type`.`model` = 'user') LIMIT 21; args=('auth', 'user')
2020-03-10 17:03:46,339 [MainThread:10880] [D:\jangovenv\venv\lib\site-packages\django\db\backends\utils.py:debug_sql:130] [DEBUG]- (0.000) SELECT `auth_permission`.`content_type_id`, `auth_permission`.`codename` FROM `auth_permission` INNER JOIN `django_content_type` ON (`auth_permission`.`content_type_id` = `django_content_type`.`id`) WHERE `auth_permission`.`content_type_id` IN (2, 3, 4) ORDER BY `django_content_type`.`app_label` ASC, `django_content_type`.`model` ASC, `auth_permission`.`codename` ASC; args=(2, 3, 4)
2020-03-10 17:03:46,340 [MainThread:10880] [D:\jangovenv\venv\lib\site-packages\django\db\backends\utils.py:debug_sql:130] [DEBUG]- (0.000) SELECT `django_content_type`.`id`, `django_content_type`.`app_label`, `django_content_type`.`model` FROM `django_content_type` WHERE `django_content_type`.`app_label` = 'auth'; args=('auth',)
2020-03-10 17:03:46,341 [MainThread:10880] [D:\jangovenv\venv\lib\site-packages\django\db\backends\utils.py:debug_sql:130] [DEBUG]- (0.000) SELECT `django_content_type`.`id`, `django_content_type`.`app_label`, `django_content_type`.`model` FROM `django_content_type` WHERE `django_content_type`.`app_label` = 'contenttypes'; args=('contenttypes',)
2020-03-10 17:03:46,342 [MainThread:10880] [D:\jangovenv\venv\lib\site-packages\django\db\backends\utils.py:debug_sql:130] [DEBUG]- (0.000) SELECT `django_content_type`.`id`, `django_content_type`.`app_label`, `django_content_type`.`model` FROM `django_content_type` WHERE (`django_content_type`.`app_label` = 'contenttypes' AND `django_content_type`.`model` = 'contenttype') LIMIT 21; args=('contenttypes', 'contenttype')
2020-03-10 17:03:46,343 [MainThread:10880] [D:\jangovenv\venv\lib\site-packages\django\db\backends\utils.py:debug_sql:130] [DEBUG]- (0.000) SELECT `auth_permission`.`content_type_id`, `auth_permission`.`codename` FROM `auth_permission` INNER JOIN `django_content_type` ON (`auth_permission`.`content_type_id` = `django_content_type`.`id`) WHERE `auth_permission`.`content_type_id` IN (5) ORDER BY `django_content_type`.`app_label` ASC, `django_content_type`.`model` ASC, `auth_permission`.`codename` ASC; args=(5,)
2020-03-10 17:03:46,344 [MainThread:10880] [D:\jangovenv\venv\lib\site-packages\django\db\backends\utils.py:debug_sql:130] [DEBUG]- (0.000) SELECT `django_content_type`.`id`, `django_content_type`.`app_label`, `django_content_type`.`model` FROM `django_content_type` WHERE `django_content_type`.`app_label` = 'contenttypes'; args=('contenttypes',)
2020-03-10 17:03:46,345 [MainThread:10880] [D:\jangovenv\venv\lib\site-packages\django\db\backends\utils.py:debug_sql:130] [DEBUG]- (0.000) SELECT `django_content_type`.`id`, `django_content_type`.`app_label`, `django_content_type`.`model` FROM `django_content_type` WHERE `django_content_type`.`app_label` = 'sessions'; args=('sessions',)
2020-03-10 17:03:46,346 [MainThread:10880] [D:\jangovenv\venv\lib\site-packages\django\db\backends\utils.py:debug_sql:130] [DEBUG]- (0.000) SELECT `django_content_type`.`id`, `django_content_type`.`app_label`, `django_content_type`.`model` FROM `django_content_type` WHERE (`django_content_type`.`app_label` = 'sessions' AND `django_content_type`.`model` = 'session') LIMIT 21; args=('sessions', 'session')
2020-03-10 17:03:46,347 [MainThread:10880] [D:\jangovenv\venv\lib\site-packages\django\db\backends\utils.py:debug_sql:130] [DEBUG]- (0.000) SELECT `auth_permission`.`content_type_id`, `auth_permission`.`codename` FROM `auth_permission` INNER JOIN `django_content_type` ON (`auth_permission`.`content_type_id` = `django_content_type`.`id`) WHERE `auth_permission`.`content_type_id` IN (6) ORDER BY `django_content_type`.`app_label` ASC, `django_content_type`.`model` ASC, `auth_permission`.`codename` ASC; args=(6,)
2020-03-10 17:03:46,348 [MainThread:10880] [D:\jangovenv\venv\lib\site-packages\django\db\backends\utils.py:debug_sql:130] [DEBUG]- (0.000) SELECT `django_content_type`.`id`, `django_content_type`.`app_label`, `django_content_type`.`model` FROM `django_content_type` WHERE `django_content_type`.`app_label` = 'sessions'; args=('sessions',)
2020-03-10 17:03:46,349 [MainThread:10880] [D:\jangovenv\venv\lib\site-packages\django\db\backends\utils.py:debug_sql:130] [DEBUG]- (0.000) SELECT `django_content_type`.`id`, `django_content_type`.`app_label`, `django_content_type`.`model` FROM `django_content_type` WHERE `django_content_type`.`app_label` = 'app1'; args=('app1',)
2020-03-10 17:03:46,350 [MainThread:10880] [D:\jangovenv\venv\lib\site-packages\django\db\backends\utils.py:debug_sql:130] [DEBUG]- (0.000) SELECT `django_content_type`.`id`, `django_content_type`.`app_label`, `django_content_type`.`model` FROM `django_content_type` WHERE (`django_content_type`.`app_label` = 'app1' AND `django_content_type`.`model` = 'article') LIMIT 21; args=('app1', 'article')
2020-03-10 17:03:46,351 [MainThread:10880] [D:\jangovenv\venv\lib\site-packages\django\db\backends\utils.py:debug_sql:130] [DEBUG]- (0.000) SELECT `auth_permission`.`content_type_id`, `auth_permission`.`codename` FROM `auth_permission` INNER JOIN `django_content_type` ON (`auth_permission`.`content_type_id` = `django_content_type`.`id`) WHERE `auth_permission`.`content_type_id` IN (7) ORDER BY `django_content_type`.`app_label` ASC, `django_content_type`.`model` ASC, `auth_permission`.`codename` ASC; args=(7,)
2020-03-10 17:03:46,352 [MainThread:10880] [D:\jangovenv\venv\lib\site-packages\django\db\backends\utils.py:debug_sql:130] [DEBUG]- (0.000) SELECT `django_content_type`.`id`, `django_content_type`.`app_label`, `django_content_type`.`model` FROM `django_content_type` WHERE `django_content_type`.`app_label` = 'app1'; args=('app1',)
2020-03-10 17:03:46,352 [MainThread:10880] [D:\jangovenv\venv\lib\site-packages\django\db\backends\utils.py:debug_sql:130] [DEBUG]- (0.000) SELECT `django_content_type`.`id`, `django_content_type`.`app_label`, `django_content_type`.`model` FROM `django_content_type` WHERE `django_content_type`.`app_label` = 'juhe'; args=('juhe',)
2020-03-10 17:03:46,353 [MainThread:10880] [D:\jangovenv\venv\lib\site-packages\django\db\backends\utils.py:debug_sql:130] [DEBUG]- (0.000) SELECT `django_content_type`.`id`, `django_content_type`.`app_label`, `django_content_type`.`model` FROM `django_content_type` WHERE (`django_content_type`.`app_label` = 'juhe' AND `django_content_type`.`model` = 'user') LIMIT 21; args=('juhe', 'user')
2020-03-10 17:03:46,355 [MainThread:10880] [D:\jangovenv\venv\lib\site-packages\django\db\backends\utils.py:debug_sql:130] [DEBUG]- (0.000) SELECT `auth_permission`.`content_type_id`, `auth_permission`.`codename` FROM `auth_permission` INNER JOIN `django_content_type` ON (`auth_permission`.`content_type_id` = `django_content_type`.`id`) WHERE `auth_permission`.`content_type_id` IN (8) ORDER BY `django_content_type`.`app_label` ASC, `django_content_type`.`model` ASC, `auth_permission`.`codename` ASC; args=(8,)
2020-03-10 17:03:46,356 [MainThread:10880] [D:\jangovenv\venv\lib\site-packages\django\db\backends\utils.py:debug_sql:130] [DEBUG]- (0.000) SELECT `django_content_type`.`id`, `django_content_type`.`app_label`, `django_content_type`.`model` FROM `django_content_type` WHERE `django_content_type`.`app_label` = 'juhe'; args=('juhe',)
2020-03-10 17:03:46,357 [MainThread:10880] [D:\jangovenv\venv\lib\site-packages\django\db\backends\utils.py:debug_sql:130] [DEBUG]- (0.000) SELECT `django_content_type`.`id`, `django_content_type`.`app_label`, `django_content_type`.`model` FROM `django_content_type` WHERE `django_content_type`.`app_label` = 'api'; args=('api',)
2020-03-10 17:03:46,358 [MainThread:10880] [D:\jangovenv\venv\lib\site-packages\django\db\backends\utils.py:debug_sql:130] [DEBUG]- (0.000) SELECT `django_content_type`.`id`, `django_content_type`.`app_label`, `django_content_type`.`model` FROM `django_content_type` WHERE (`django_content_type`.`app_label` = 'api' AND `django_content_type`.`model` = 'app') LIMIT 21; args=('api', 'app')
2020-03-10 17:03:46,359 [MainThread:10880] [D:\jangovenv\venv\lib\site-packages\django\db\backends\utils.py:debug_sql:130] [DEBUG]- (0.000) SELECT `auth_permission`.`content_type_id`, `auth_permission`.`codename` FROM `auth_permission` INNER JOIN `django_content_type` ON (`auth_permission`.`content_type_id` = `django_content_type`.`id`) WHERE `auth_permission`.`content_type_id` IN (10) ORDER BY `django_content_type`.`app_label` ASC, `django_content_type`.`model` ASC, `auth_permission`.`codename` ASC; args=(10,)
2020-03-10 17:03:46,360 [MainThread:10880] [D:\jangovenv\venv\lib\site-packages\django\db\backends\utils.py:debug_sql:130] [DEBUG]- (0.000) SELECT `django_content_type`.`id`, `django_content_type`.`app_label`, `django_content_type`.`model` FROM `django_content_type` WHERE `django_content_type`.`app_label` = 'api'; args=('api',)
2020-03-10 17:04:46,358 [MainThread:15020] [D:\jangovenv\venv\lib\site-packages\django\db\backends\utils.py:debug_sql:130] [DEBUG]- (0.000) SELECT @@SQL_AUTO_IS_NULL; args=None
2020-03-10 17:04:46,359 [MainThread:15020] [D:\jangovenv\venv\lib\site-packages\django\db\backends\utils.py:debug_sql:130] [DEBUG]- (0.000) SET SESSION TRANSACTION ISOLATION LEVEL READ COMMITTED; args=None
2020-03-10 17:04:46,359 [MainThread:15020] [D:\jangovenv\venv\lib\site-packages\django\db\backends\utils.py:debug_sql:130] [DEBUG]- (0.000) SELECT VERSION(); args=None
2020-03-10 17:04:46,534 [MainThread:15020] [D:\jangovenv\venv\lib\site-packages\django\db\backends\utils.py:debug_sql:130] [DEBUG]- (0.000) SET SESSION TRANSACTION ISOLATION LEVEL READ COMMITTED; args=None
2020-03-10 17:04:46,537 [MainThread:15020] [D:\jangovenv\venv\lib\site-packages\django\db\backends\utils.py:debug_sql:130] [DEBUG]- (0.000) SHOW FULL TABLES; args=None
2020-03-10 17:04:46,540 [MainThread:15020] [D:\jangovenv\venv\lib\site-packages\django\db\backends\utils.py:debug_sql:130] [DEBUG]- (0.000) SELECT `django_migrations`.`id`, `django_migrations`.`app`, `django_migrations`.`name`, `django_migrations`.`applied` FROM `django_migrations`; args=()
2020-03-10 17:04:50,496 [MainThread:12776] [D:\jangovenv\venv\lib\site-packages\django\db\backends\utils.py:debug_sql:130] [DEBUG]- (0.000) SELECT @@SQL_AUTO_IS_NULL; args=None
2020-03-10 17:04:50,497 [MainThread:12776] [D:\jangovenv\venv\lib\site-packages\django\db\backends\utils.py:debug_sql:130] [DEBUG]- (0.000) SET SESSION TRANSACTION ISOLATION LEVEL READ COMMITTED; args=None
2020-03-10 17:04:50,497 [MainThread:12776] [D:\jangovenv\venv\lib\site-packages\django\db\backends\utils.py:debug_sql:130] [DEBUG]- (0.000) SELECT VERSION(); args=None
2020-03-10 17:04:50,672 [MainThread:12776] [D:\jangovenv\venv\lib\site-packages\django\db\backends\utils.py:debug_sql:130] [DEBUG]- (0.000) SET SESSION TRANSACTION ISOLATION LEVEL READ COMMITTED; args=None
2020-03-10 17:04:50,674 [MainThread:12776] [D:\jangovenv\venv\lib\site-packages\django\db\backends\utils.py:debug_sql:130] [DEBUG]- (0.000) SHOW FULL TABLES; args=None
2020-03-10 17:04:50,677 [MainThread:12776] [D:\jangovenv\venv\lib\site-packages\django\db\backends\utils.py:debug_sql:130] [DEBUG]- (0.000) SELECT `django_migrations`.`id`, `django_migrations`.`app`, `django_migrations`.`name`, `django_migrations`.`applied` FROM `django_migrations`; args=()
2020-03-10 17:06:28,706 [MainThread:15608] [D:\jangovenv\venv\lib\site-packages\django\db\backends\utils.py:debug_sql:130] [DEBUG]- (0.000) SELECT @@SQL_AUTO_IS_NULL; args=None
2020-03-10 17:06:28,707 [MainThread:15608] [D:\jangovenv\venv\lib\site-packages\django\db\backends\utils.py:debug_sql:130] [DEBUG]- (0.000) SET SESSION TRANSACTION ISOLATION LEVEL READ COMMITTED; args=None
2020-03-10 17:06:28,708 [MainThread:15608] [D:\jangovenv\venv\lib\site-packages\django\db\backends\utils.py:debug_sql:130] [DEBUG]- (0.000) SELECT VERSION(); args=None
2020-03-10 17:06:28,885 [MainThread:15608] [D:\jangovenv\venv\lib\site-packages\django\db\backends\utils.py:debug_sql:130] [DEBUG]- (0.000) SET SESSION TRANSACTION ISOLATION LEVEL READ COMMITTED; args=None
2020-03-10 17:06:28,886 [MainThread:15608] [D:\jangovenv\venv\lib\site-packages\django\db\backends\utils.py:debug_sql:130] [DEBUG]- (0.016) SHOW FULL TABLES; args=None
2020-03-10 17:06:28,889 [MainThread:15608] [D:\jangovenv\venv\lib\site-packages\django\db\backends\utils.py:debug_sql:130] [DEBUG]- (0.000) SELECT `django_migrations`.`id`, `django_migrations`.`app`, `django_migrations`.`name`, `django_migrations`.`applied` FROM `django_migrations`; args=()
